# JRE version: Java(TM) SE Runtime Environment (17.0.8+9) (build 17.0.8+9-LTS-211)
# Java VM: Java HotSpot(TM) 64-Bit Server VM (17.0.8+9-LTS-211, mixed mode, sharing, tiered, compressed oops, compressed class ptrs, g1 gc, windows-amd64)
GC Precious Log:
 CPUs: 4 total, 4 available
 Memory: 16084M
 Large Page Support: Disabled
 NUMA Support: Disabled
 Compressed Oops: Enabled (32-bit)
 Heap Region Size: 1M
 Heap Min Capacity: 8M
 Heap Initial Capacity: 252M
 Heap Max Capacity: 2G
 Pre-touch: Disabled
 Parallel Workers: 4
 Concurrent Workers: 1
 Concurrent Refinement Workers: 4
 Periodic GC: Disabled
Heap:
 garbage-first heap   total 122880K, used 84848K [0x0000000080000000, 0x0000000100000000)
  region size 1024K, 10 young (10240K), 4 survivors (4096K)
 Metaspace       used 76118K, committed 76800K, reserved 1179648K
  class space    used 10411K, committed 10752K, reserved 1048576K
GC Heap History (20 events):
Event: 18.061 GC heap before
{Heap before GC invocations=33 (full 0):
 garbage-first heap   total 107520K, used 86202K [0x0000000080000000, 0x0000000100000000)
  region size 1024K, 29 young (29696K), 4 survivors (4096K)
 Metaspace       used 58743K, committed 59328K, reserved 1114112K
  class space    used 7825K, committed 8064K, reserved 1048576K
}
Event: 18.066 GC heap after
{Heap after GC invocations=34 (full 0):
 garbage-first heap   total 107520K, used 63198K [0x0000000080000000, 0x0000000100000000)
  region size 1024K, 3 young (3072K), 3 survivors (3072K)
 Metaspace       used 58743K, committed 59328K, reserved 1114112K
  class space    used 7825K, committed 8064K, reserved 1048576K
}
Event: 18.711 GC heap before
{Heap before GC invocations=34 (full 0):
 garbage-first heap   total 107520K, used 86750K [0x0000000080000000, 0x0000000100000000)
  region size 1024K, 26 young (26624K), 3 survivors (3072K)
 Metaspace       used 61075K, committed 61632K, reserved 1114112K
  class space    used 8132K, committed 8384K, reserved 1048576K
}
Event: 18.715 GC heap after
{Heap after GC invocations=35 (full 0):
 garbage-first heap   total 107520K, used 64791K [0x0000000080000000, 0x0000000100000000)
  region size 1024K, 2 young (2048K), 2 survivors (2048K)
 Metaspace       used 61075K, committed 61632K, reserved 1114112K
  class space    used 8132K, committed 8384K, reserved 1048576K
}
Event: 19.464 GC heap before
{Heap before GC invocations=36 (full 0):
 garbage-first heap   total 112640K, used 88343K [0x0000000080000000, 0x0000000100000000)
  region size 1024K, 25 young (25600K), 2 survivors (2048K)
 Metaspace       used 64111K, committed 64704K, reserved 1114112K
  class space    used 8736K, committed 9024K, reserved 1048576K
}
Event: 19.467 GC heap after
{Heap after GC invocations=37 (full 0):
 garbage-first heap   total 112640K, used 65957K [0x0000000080000000, 0x0000000100000000)
  region size 1024K, 3 young (3072K), 3 survivors (3072K)
 Metaspace       used 64111K, committed 64704K, reserved 1114112K
  class space    used 8736K, committed 9024K, reserved 1048576K
}
Event: 20.113 GC heap before
{Heap before GC invocations=37 (full 0):
 garbage-first heap   total 112640K, used 92581K [0x0000000080000000, 0x0000000100000000)
  region size 1024K, 29 young (29696K), 3 survivors (3072K)
 Metaspace       used 66044K, committed 66688K, reserved 1114112K
  class space    used 9001K, committed 9280K, reserved 1048576K
}
Event: 20.118 GC heap after
{Heap after GC invocations=38 (full 0):
 garbage-first heap   total 112640K, used 68279K [0x0000000080000000, 0x0000000100000000)
  region size 1024K, 4 young (4096K), 4 survivors (4096K)
 Metaspace       used 66044K, committed 66688K, reserved 1114112K
  class space    used 9001K, committed 9280K, reserved 1048576K
}
Event: 20.961 GC heap before
{Heap before GC invocations=38 (full 0):
 garbage-first heap   total 112640K, used 92855K [0x0000000080000000, 0x0000000100000000)
  region size 1024K, 29 young (29696K), 4 survivors (4096K)
 Metaspace       used 67941K, committed 68480K, reserved 1114112K
  class space    used 9280K, committed 9536K, reserved 1048576K
}
Event: 20.966 GC heap after
{Heap after GC invocations=39 (full 0):
 garbage-first heap   total 112640K, used 70230K [0x0000000080000000, 0x0000000100000000)
  region size 1024K, 3 young (3072K), 3 survivors (3072K)
 Metaspace       used 67941K, committed 68480K, reserved 1114112K
  class space    used 9280K, committed 9536K, reserved 1048576K
}
Event: 21.640 GC heap before
{Heap before GC invocations=40 (full 0):
 garbage-first heap   total 122880K, used 92758K [0x0000000080000000, 0x0000000100000000)
  region size 1024K, 25 young (25600K), 3 survivors (3072K)
 Metaspace       used 69129K, committed 69824K, reserved 1114112K
  class space    used 9451K, committed 9792K, reserved 1048576K
}
Event: 21.645 GC heap after
{Heap after GC invocations=41 (full 0):
 garbage-first heap   total 122880K, used 71846K [0x0000000080000000, 0x0000000100000000)
  region size 1024K, 4 young (4096K), 4 survivors (4096K)
 Metaspace       used 69129K, committed 69824K, reserved 1114112K
  class space    used 9451K, committed 9792K, reserved 1048576K
}
Event: 21.677 GC heap before
{Heap before GC invocations=41 (full 0):
 garbage-first heap   total 122880K, used 73894K [0x0000000080000000, 0x0000000100000000)
  region size 1024K, 6 young (6144K), 4 survivors (4096K)
 Metaspace       used 69293K, committed 69952K, reserved 1114112K
  class space    used 9472K, committed 9792K, reserved 1048576K
}
Event: 21.681 GC heap after
{Heap after GC invocations=42 (full 0):
 garbage-first heap   total 122880K, used 71983K [0x0000000080000000, 0x0000000100000000)
  region size 1024K, 1 young (1024K), 1 survivors (1024K)
 Metaspace       used 69293K, committed 69952K, reserved 1114112K
  class space    used 9472K, committed 9792K, reserved 1048576K
}
Event: 22.518 GC heap before
{Heap before GC invocations=42 (full 0):
 garbage-first heap   total 122880K, used 102703K [0x0000000080000000, 0x0000000100000000)
  region size 1024K, 31 young (31744K), 1 survivors (1024K)
 Metaspace       used 73480K, committed 74112K, reserved 1114112K
  class space    used 10069K, committed 10368K, reserved 1048576K
}
Event: 22.525 GC heap after
{Heap after GC invocations=43 (full 0):
 garbage-first heap   total 122880K, used 73566K [0x0000000080000000, 0x0000000100000000)
  region size 1024K, 3 young (3072K), 3 survivors (3072K)
 Metaspace       used 73480K, committed 74112K, reserved 1114112K
  class space    used 10069K, committed 10368K, reserved 1048576K
}
Event: 23.560 GC heap before
{Heap before GC invocations=43 (full 0):
 garbage-first heap   total 122880K, used 102238K [0x0000000080000000, 0x0000000100000000)
  region size 1024K, 31 young (31744K), 3 survivors (3072K)
 Metaspace       used 75082K, committed 75712K, reserved 1179648K
  class space    used 10276K, committed 10560K, reserved 1048576K
}
Event: 23.565 GC heap after
{Heap after GC invocations=44 (full 0):
 garbage-first heap   total 122880K, used 76633K [0x0000000080000000, 0x0000000100000000)
  region size 1024K, 3 young (3072K), 3 survivors (3072K)
 Metaspace       used 75082K, committed 75712K, reserved 1179648K
  class space    used 10276K, committed 10560K, reserved 1048576K
}
Event: 24.094 GC heap before
{Heap before GC invocations=44 (full 0):
 garbage-first heap   total 122880K, used 103257K [0x0000000080000000, 0x0000000100000000)
  region size 1024K, 29 young (29696K), 3 survivors (3072K)
 Metaspace       used 76104K, committed 76800K, reserved 1179648K
  class space    used 10410K, committed 10752K, reserved 1048576K
}
Event: 24.099 GC heap after
{Heap after GC invocations=45 (full 0):
 garbage-first heap   total 122880K, used 79728K [0x0000000080000000, 0x0000000100000000)
  region size 1024K, 4 young (4096K), 4 survivors (4096K)
 Metaspace       used 76104K, committed 76800K, reserved 1179648K
  class space    used 10410K, committed 10752K, reserved 1048576K
}

